TN:
SF:wms-core\src\errors.ts
FN:14,__name
FN:14,<static_initializer>
FN:18,WmsError
FNF:3
FNH:3
FNDA:16,__name
FNDA:14,<static_initializer>
FNDA:6,WmsError
DA:1,1
DA:2,1
DA:3,1
DA:4,1
DA:5,1
DA:6,1
DA:7,1
DA:8,1
DA:9,1
DA:10,1
DA:11,1
DA:12,1
DA:13,1
DA:14,1
DA:15,14
DA:16,14
DA:17,14
DA:18,14
DA:19,6
DA:20,6
DA:21,6
DA:22,6
DA:23,6
DA:24,14
DA:25,1
DA:26,1
DA:27,0
DA:28,0
DA:29,0
DA:30,0
LF:30
LH:26
BRDA:14,0,0,16
BRDA:14,1,0,14
BRDA:18,2,0,6
BRF:3
BRH:3
end_of_record
TN:
SF:wms-core\src\services\doubleCheckService.ts
FN:2,__name
FNF:1
FNH:1
FNDA:9,__name
DA:1,1
DA:2,1
DA:3,1
DA:4,1
DA:5,1
DA:6,1
DA:7,1
DA:8,1
DA:9,1
DA:10,1
DA:11,1
DA:12,1
DA:13,1
DA:14,1
DA:15,1
DA:16,1
DA:17,1
DA:18,1
DA:19,1
DA:20,1
DA:21,1
DA:22,1
DA:23,1
DA:24,7
DA:25,7
DA:26,7
DA:27,7
DA:28,0
DA:29,0
DA:30,7
DA:31,0
DA:32,0
DA:33,7
DA:34,7
DA:35,7
DA:36,7
DA:37,8
DA:38,8
DA:39,7
DA:40,7
DA:41,7
DA:42,7
DA:43,7
DA:44,7
DA:45,22
DA:46,22
DA:47,5
DA:48,5
DA:49,5
DA:50,2
DA:51,0
DA:52,0
DA:53,0
DA:54,2
DA:55,2
DA:56,2
DA:57,5
DA:58,3
DA:59,22
DA:60,22
DA:61,7
DA:62,0
DA:63,0
DA:64,0
DA:65,7
DA:66,1
DA:67,1
DA:68,1
DA:69,7
DA:70,6
DA:71,6
DA:72,22
DA:73,22
DA:74,7
DA:75,7
DA:76,1
DA:77,1
DA:78,1
DA:79,7
DA:80,6
DA:81,6
DA:82,22
DA:83,22
DA:84,6
DA:85,0
DA:86,0
DA:87,0
DA:88,6
DA:89,6
DA:90,0
DA:91,0
DA:92,0
DA:93,6
DA:94,6
DA:95,6
DA:96,6
DA:97,1
DA:98,1
DA:99,6
DA:100,6
DA:101,6
DA:102,22
DA:103,22
DA:104,0
DA:105,7
DA:106,7
DA:107,7
DA:108,7
DA:109,7
DA:110,7
DA:111,7
DA:112,7
DA:113,7
DA:114,1
DA:115,1
DA:116,19
DA:117,19
DA:118,19
DA:119,19
DA:120,19
DA:121,19
DA:122,19
DA:123,19
DA:124,19
DA:125,19
DA:126,19
DA:127,19
DA:128,19
DA:129,19
DA:130,19
DA:131,19
DA:132,19
DA:133,19
DA:134,19
DA:135,19
DA:136,19
DA:137,19
DA:138,19
DA:139,19
DA:140,19
DA:141,19
DA:142,19
DA:143,19
LF:143
LH:126
BRDA:2,0,0,9
BRDA:21,1,0,15
BRDA:23,2,0,7
BRDA:27,3,0,0
BRDA:30,4,0,0
BRDA:36,5,0,8
BRDA:44,6,0,22
BRDA:45,7,0,5
BRDA:46,8,0,5
BRDA:47,9,0,3
BRDA:49,10,0,2
BRDA:50,11,0,0
BRDA:57,12,0,3
BRDA:60,13,0,20
BRDA:60,14,0,7
BRDA:61,15,0,0
BRDA:65,16,0,1
BRDA:69,17,0,6
BRDA:73,18,0,13
BRDA:73,19,0,7
BRDA:75,20,0,1
BRDA:79,21,0,6
BRDA:83,22,0,6
BRDA:84,23,0,0
BRDA:88,24,0,0
BRDA:89,25,0,0
BRDA:93,26,0,0
BRDA:96,27,0,1
BRDA:103,28,0,0
BRDA:106,29,0,8
BRDA:115,30,0,19
BRF:31
BRH:22
end_of_record
TN:
SF:wms-core\src\services\orderService.ts
FN:10,__name
FNF:1
FNH:1
FNDA:28,__name
DA:1,1
DA:2,1
DA:3,1
DA:4,1
DA:5,1
DA:6,1
DA:7,1
DA:8,1
DA:9,1
DA:10,1
DA:11,1
DA:12,1
DA:13,1
DA:14,1
DA:15,1
DA:16,1
DA:17,1
DA:18,1
DA:19,1
DA:20,1
DA:21,1
DA:22,1
DA:23,1
DA:24,1
DA:25,1
DA:26,36
DA:27,36
DA:28,36
DA:29,6
DA:30,6
DA:31,6
DA:32,36
DA:33,1
DA:34,1
DA:35,6
DA:36,6
DA:37,6
DA:38,6
DA:39,6
DA:40,6
DA:41,6
DA:42,1
DA:43,1
DA:44,1
DA:45,1
DA:46,1
DA:47,1
DA:48,1
DA:49,1
DA:50,1
DA:51,6
DA:52,6
DA:53,6
DA:54,6
DA:55,6
DA:56,6
DA:57,6
DA:58,6
DA:59,6
DA:60,6
DA:61,6
DA:62,6
DA:63,6
DA:64,6
DA:65,6
DA:66,0
DA:67,0
DA:68,6
DA:69,0
DA:70,0
DA:71,6
DA:72,6
DA:73,6
DA:74,6
DA:75,6
DA:76,6
DA:77,6
DA:78,6
DA:79,6
DA:80,6
DA:81,6
DA:82,6
DA:83,6
DA:84,6
DA:85,6
DA:86,6
DA:87,6
DA:88,6
DA:89,6
DA:90,6
DA:91,1
DA:92,1
DA:93,0
DA:94,0
DA:95,0
DA:96,0
DA:97,0
DA:98,0
DA:99,0
DA:100,0
DA:101,0
DA:102,0
DA:103,0
DA:104,0
DA:105,0
DA:106,0
DA:107,1
DA:108,1
DA:109,10
DA:110,10
DA:111,10
DA:112,10
DA:113,10
DA:114,0
DA:115,0
DA:116,10
DA:117,10
DA:118,10
DA:119,0
DA:120,0
DA:121,0
DA:122,0
DA:123,0
DA:124,0
DA:125,0
DA:126,0
DA:127,0
DA:128,0
DA:129,0
DA:130,10
DA:131,10
DA:132,10
DA:133,1
DA:134,1
DA:135,1
DA:136,1
DA:137,1
DA:138,9
DA:139,9
DA:140,10
DA:141,10
DA:142,10
DA:143,10
DA:144,10
DA:145,10
DA:146,10
DA:147,10
DA:148,10
DA:149,10
DA:150,10
DA:151,10
DA:152,10
DA:153,10
DA:154,10
DA:155,10
DA:156,10
DA:157,10
DA:158,10
DA:159,10
DA:160,10
DA:161,10
DA:162,1
DA:163,1
DA:164,1
DA:165,12
DA:166,12
DA:167,12
DA:168,12
DA:169,12
DA:170,12
DA:171,12
DA:172,12
DA:173,12
DA:174,12
DA:175,1
DA:176,1
DA:177,1
DA:178,1
DA:179,1
DA:180,11
DA:181,12
DA:182,12
DA:183,12
DA:184,6
DA:185,6
DA:186,6
DA:187,6
DA:188,3
DA:189,1
DA:190,1
DA:191,1
DA:192,1
DA:193,2
DA:194,2
DA:195,6
DA:196,6
DA:197,6
DA:198,6
DA:199,12
DA:200,12
DA:201,12
LF:201
LH:170
BRDA:10,0,0,28
BRDA:25,1,0,36
BRDA:26,2,0,24
BRDA:26,3,0,30
BRDA:27,4,0,6
BRDA:27,5,0,0
BRDA:28,6,0,6
BRDA:30,7,0,30
BRDA:34,8,0,6
BRDA:48,9,0,3
BRDA:50,10,0,6
BRDA:65,11,0,0
BRDA:68,12,0,0
BRDA:108,13,0,10
BRDA:113,14,0,0
BRDA:118,15,0,0
BRDA:131,16,0,0
BRDA:132,17,0,9
BRDA:132,18,0,1
BRDA:164,19,0,12
BRDA:174,20,0,8
BRDA:174,21,0,11
BRDA:174,22,0,1
BRDA:181,23,0,6
BRDA:183,24,0,6
BRDA:183,25,0,6
BRDA:187,26,0,3
BRDA:188,27,0,2
BRDA:188,28,0,1
BRDA:200,29,0,5
BRF:30
BRH:24
end_of_record
TN:
SF:wms-core\src\services\taskService.ts
FN:2,__name
FNF:1
FNH:1
FNDA:18,__name
DA:1,1
DA:2,1
DA:3,1
DA:4,1
DA:5,1
DA:6,1
DA:7,1
DA:8,1
DA:9,1
DA:10,1
DA:11,1
DA:12,1
DA:13,4
DA:14,4
DA:15,4
DA:16,4
DA:17,4
DA:18,4
DA:19,4
DA:20,5
DA:21,5
DA:22,5
DA:23,4
DA:24,4
DA:25,4
DA:26,4
DA:27,4
DA:28,4
DA:29,4
DA:30,4
DA:31,4
DA:32,4
DA:33,4
DA:34,4
DA:35,4
DA:36,4
DA:37,4
DA:38,4
DA:39,4
DA:40,4
DA:41,4
DA:42,4
DA:43,4
DA:44,4
DA:45,4
DA:46,4
DA:47,4
DA:48,4
DA:49,4
DA:50,4
DA:51,4
DA:52,4
DA:53,4
DA:54,4
DA:55,4
DA:56,4
DA:57,4
DA:58,4
DA:59,1
DA:60,1
DA:61,6
DA:62,0
DA:63,0
DA:64,6
DA:65,1
DA:66,1
DA:67,1
DA:68,1
DA:69,1
DA:70,1
DA:71,5
DA:72,5
DA:73,5
DA:74,5
DA:75,5
DA:76,5
DA:77,5
DA:78,6
DA:79,1
DA:80,1
DA:81,7
DA:82,0
DA:83,0
DA:84,7
DA:85,7
DA:86,11
DA:87,5
DA:88,5
DA:89,7
DA:90,6
DA:91,6
DA:92,6
DA:93,7
DA:94,7
DA:95,7
DA:96,7
DA:97,7
DA:98,7
DA:99,7
DA:100,1
DA:101,1
DA:102,6
DA:103,0
DA:104,0
DA:105,6
DA:106,5
DA:107,5
DA:108,2
DA:109,2
DA:110,5
DA:111,6
DA:112,4
DA:113,4
DA:114,4
DA:115,4
DA:116,4
DA:117,4
DA:118,6
DA:119,1
DA:120,1
LF:120
LH:114
BRDA:2,0,0,18
BRDA:10,1,0,20
BRDA:12,2,0,4
BRDA:19,3,0,5
BRDA:60,4,0,6
BRDA:61,5,0,0
BRDA:64,6,0,3
BRDA:64,7,0,5
BRDA:64,8,0,1
BRDA:80,9,0,7
BRDA:81,10,0,0
BRDA:85,11,0,11
BRDA:86,12,0,7
BRDA:86,13,0,5
BRDA:89,14,0,6
BRDA:101,15,0,6
BRDA:102,16,0,0
BRDA:105,17,0,5
BRDA:107,18,0,2
BRDA:111,19,0,4
BRDA:106,20,0,7
BRF:21
BRH:18
end_of_record
TN:
SF:wms-core\src\state-machine\orderStateMachine.ts
FN:3,__name
FNF:1
FNH:1
FNDA:8,__name
DA:1,1
DA:2,1
DA:3,1
DA:4,1
DA:5,1
DA:6,1
DA:7,1
DA:8,1
DA:9,1
DA:10,1
DA:11,1
DA:12,1
DA:13,1
DA:14,1
DA:15,1
DA:16,1
DA:17,1
DA:18,10
DA:19,1
DA:20,1
DA:21,10
DA:22,10
DA:23,10
DA:24,10
DA:25,10
DA:26,10
DA:27,10
DA:28,10
LF:28
LH:28
BRDA:3,0,0,8
BRDA:17,1,0,10
BRDA:20,2,0,10
BRDA:27,3,0,0
BRDA:25,4,0,20
BRDA:25,5,0,10
BRF:6
BRH:5
end_of_record
